{"/Users/mehmetyurtar/Desktop/kodluyoruz/81/pomodev/pomodoro-app/src/helpers/date.js": {"path":"/Users/mehmetyurtar/Desktop/kodluyoruz/81/pomodev/pomodoro-app/src/helpers/date.js","statementMap":{"0":{"start":{"line":1,"column":22},"end":{"line":3,"column":1}},"1":{"start":{"line":2,"column":2},"end":{"line":2,"column":20}},"2":{"start":{"line":17,"column":26},"end":{"line":19,"column":1}},"3":{"start":{"line":18,"column":2},"end":{"line":18,"column":52}}},"fnMap":{"0":{"name":"(anonymous_0)","decl":{"start":{"line":1,"column":22},"end":{"line":1,"column":23}},"loc":{"start":{"line":1,"column":28},"end":{"line":3,"column":1}},"line":1},"1":{"name":"(anonymous_1)","decl":{"start":{"line":17,"column":26},"end":{"line":17,"column":27}},"loc":{"start":{"line":17,"column":45},"end":{"line":19,"column":1}},"line":17}},"branchMap":{},"s":{"0":1,"1":1,"2":1,"3":1},"f":{"0":1,"1":1},"b":{},"_coverageSchema":"1a1c01bbd47fc00a2c39e90264f33305004495a9","hash":"2f99528376d8649f99b64e7e0e71525c274c9a7a"}
,"/Users/mehmetyurtar/Desktop/kodluyoruz/81/pomodev/pomodoro-app/src/helpers/math.js": {"path":"/Users/mehmetyurtar/Desktop/kodluyoruz/81/pomodev/pomodoro-app/src/helpers/math.js","statementMap":{"0":{"start":{"line":1,"column":19},"end":{"line":6,"column":1}},"1":{"start":{"line":2,"column":2},"end":{"line":4,"column":3}},"2":{"start":{"line":3,"column":4},"end":{"line":3,"column":13}},"3":{"start":{"line":5,"column":2},"end":{"line":5,"column":15}}},"fnMap":{"0":{"name":"(anonymous_0)","decl":{"start":{"line":1,"column":19},"end":{"line":1,"column":20}},"loc":{"start":{"line":1,"column":29},"end":{"line":6,"column":1}},"line":1}},"branchMap":{"0":{"loc":{"start":{"line":2,"column":2},"end":{"line":4,"column":3}},"type":"if","locations":[{"start":{"line":2,"column":2},"end":{"line":4,"column":3}},{"start":{"line":2,"column":2},"end":{"line":4,"column":3}}],"line":2}},"s":{"0":1,"1":2,"2":1,"3":1},"f":{"0":2},"b":{"0":[1,1]},"_coverageSchema":"1a1c01bbd47fc00a2c39e90264f33305004495a9","hash":"57eba3dcf8ffd553a2e563018d3139c3b07a0522"}
}
